Compiling the CXX compiler identification source file "CMakeCXXCompilerId.cpp" failed.
Compiler: D:/Hoang/.espressif/tools/xtensa-esp32-elf/esp-12.2.0_20230208/xtensa-esp32-elf/bin/xtensa-esp32-elf-g++.exe 
Build flags: -mlongcalls;-Wno-frame-address;
Id flags:  

The output was:
1
cc1plus.exe: fatal error: CMakeCXXCompilerId.cpp: No such file or directory
compilation terminated.


Detecting C compiler ABI info failed to compile with the following output:
Change Dir: C:/Users/Hoang/Videos/Lab6/build/CMakeFiles/CMakeTmp

Run Build Command(s):D:/Hoang/.espressif/tools/ninja/1.10.2/ninja.exe cmTC_49505 && ninja: error: unknown target 'cmTC_49505'




Determining if the include file sys/types.h exists failed with the following output:
Change Dir: C:/Users/Hoang/Videos/Lab6/build/CMakeFiles/CMakeTmp

Run Build Command(s):D:/Hoang/.espressif/tools/ninja/1.10.2/ninja.exe cmTC_16a5a && ninja: error: unknown target 'cmTC_16a5a'



Determining size of time_t failed with the following output:
Change Dir: C:/Users/Hoang/Videos/Lab6/build/CMakeFiles/CMakeTmp

Run Build Command(s):D:/Hoang/.espressif/tools/ninja/1.10.2/ninja.exe cmTC_eacd0 && [1/2] Building C object CMakeFiles/cmTC_eacd0.dir/TIME_T_SIZE.c.obj
FAILED: CMakeFiles/cmTC_eacd0.dir/TIME_T_SIZE.c.obj 
D:\Hoang\.espressif\tools\xtensa-esp32-elf\esp-12.2.0_20230208\xtensa-esp32-elf\bin\xtensa-esp32-elf-gcc.exe   -mlongcalls -Wno-frame-address -o CMakeFiles/cmTC_eacd0.dir/TIME_T_SIZE.c.obj -c C:/Users/Hoang/Videos/Lab6/build/CMakeFiles/CheckTypeSize/TIME_T_SIZE.c
C:/Users/Hoang/Videos/Lab6/build/CMakeFiles/CheckTypeSize/TIME_T_SIZE.c:26:22: error: 'time_t' undeclared here (not in a function)
   26 | #define SIZE (sizeof(time_t))
      |                      ^~~~~~
C:/Users/Hoang/Videos/Lab6/build/CMakeFiles/CheckTypeSize/TIME_T_SIZE.c:28:12: note: in expansion of macro 'SIZE'
   28 |   ('0' + ((SIZE / 10000)%10)),
      |            ^~~~
C:/Users/Hoang/Videos/Lab6/build/CMakeFiles/CheckTypeSize/TIME_T_SIZE.c:3:1: note: 'time_t' is defined in header '<time.h>'; did you forget to '#include <time.h>'?
    2 | #include <stddef.h>
  +++ |+#include <time.h>
    3 | 
ninja: build stopped: subcommand failed.


C:/Users/Hoang/Videos/Lab6/build/CMakeFiles/CheckTypeSize/TIME_T_SIZE.c:
#include <stdint.h>
#include <stddef.h>


#undef KEY
#if defined(__i386)
# define KEY '_','_','i','3','8','6'
#elif defined(__x86_64)
# define KEY '_','_','x','8','6','_','6','4'
#elif defined(__PPC64__)
# define KEY '_','_','P','P','C','6','4','_','_'
#elif defined(__ppc64__)
# define KEY '_','_','p','p','c','6','4','_','_'
#elif defined(__PPC__)
# define KEY '_','_','P','P','C','_','_'
#elif defined(__ppc__)
# define KEY '_','_','p','p','c','_','_'
#elif defined(__aarch64__)
# define KEY '_','_','a','a','r','c','h','6','4','_','_'
#elif defined(__ARM_ARCH_7A__)
# define KEY '_','_','A','R','M','_','A','R','C','H','_','7','A','_','_'
#elif defined(__ARM_ARCH_7S__)
# define KEY '_','_','A','R','M','_','A','R','C','H','_','7','S','_','_'
#endif

#define SIZE (sizeof(time_t))
static char info_size[] =  {'I', 'N', 'F', 'O', ':', 's','i','z','e','[',
  ('0' + ((SIZE / 10000)%10)),
  ('0' + ((SIZE / 1000)%10)),
  ('0' + ((SIZE / 100)%10)),
  ('0' + ((SIZE / 10)%10)),
  ('0' +  (SIZE    % 10)),
  ']',
#ifdef KEY
  ' ','k','e','y','[', KEY, ']',
#endif
  '\0'};

#ifdef __CLASSIC_C__
int main(argc, argv) int argc; char *argv[];
#else
int main(int argc, char *argv[])
#endif
{
  int require = 0;
  require += info_size[argc];
  (void)argv;
  return require;
}


